[    0.000000] Linux version 4.15.0-200-generic (buildd@lcy02-amd64-069) (gcc version 7.5.0 (Ubuntu 7.5.0-3ubuntu1~18.04)) #211-Ubuntu SMP Thu Nov 24 18:16:04 UTC 2022 (Ubuntu 4.15.0-200.211-generic 4.15.18)
[    0.000000] Command line: BOOT_IMAGE=/boot/vmlinuz-4.15.0-200-generic root=LABEL=cloudimg-rootfs ro console=tty1 console=ttyS0
[    0.000000] KERNEL supported cpus:
[    0.000000]   Intel GenuineIntel
[    0.000000]   AMD AuthenticAMD
[    0.000000]   Centaur CentaurHauls
[    0.000000] [Firmware Bug]: TSC doesn't count with P0 frequency!
[    0.000000] x86/fpu: Supporting XSAVE feature 0x001: 'x87 floating point registers'
[    0.000000] x86/fpu: Supporting XSAVE feature 0x002: 'SSE registers'
[    0.000000] x86/fpu: Supporting XSAVE feature 0x004: 'AVX registers'
[    0.000000] x86/fpu: xstate_offset[2]:  576, xstate_sizes[2]:  256
[    0.000000] x86/fpu: Enabled xstate features 0x7, context size is 832 bytes, using 'standard' format.
[    0.000000] e820: BIOS-provided physical RAM map:
[    0.000000] BIOS-e820: [mem 0x0000000000000000-0x000000000009fbff] usable
[    0.000000] BIOS-e820: [mem 0x000000000009fc00-0x000000000009ffff] reserved
[    0.000000] BIOS-e820: [mem 0x00000000000f0000-0x00000000000fffff] reserved
[    0.000000] BIOS-e820: [mem 0x0000000000100000-0x000000003ffeffff] usable
[    0.000000] BIOS-e820: [mem 0x000000003fff0000-0x000000003fffffff] ACPI data
[    0.000000] BIOS-e820: [mem 0x00000000fec00000-0x00000000fec00fff] reserved
[    0.000000] BIOS-e820: [mem 0x00000000fee00000-0x00000000fee00fff] reserved
[    0.000000] BIOS-e820: [mem 0x00000000fffc0000-0x00000000ffffffff] reserved
[    0.000000] NX (Execute Disable) protection: active
[    0.000000] SMBIOS 2.5 present.
[    0.000000] DMI: innotek GmbH VirtualBox/VirtualBox, BIOS VirtualBox 12/01/2006
[    0.000000] Hypervisor detected: KVM
[    0.000000] e820: last_pfn = 0x3fff0 max_arch_pfn = 0x400000000
[    0.000000] MTRR: Disabled
[    0.000000] x86/PAT: MTRRs disabled, skipping PAT initialization too.
[    0.000000] CPU MTRRs all blank - virtualized system.
[    0.000000] x86/PAT: Configuration [0-7]: WB  WT  UC- UC  WB  WT  UC- UC  
[    0.000000] found SMP MP-table at [mem 0x0009fff0-0x0009ffff]
[    0.000000] Scanning 1 areas for low memory corruption
[    0.000000] RAMDISK: [mem 0x359c9000-0x36cdbfff]
[    0.000000] ACPI: Early table checksum verification disabled
[    0.000000] ACPI: RSDP 0x00000000000E0000 000024 (v02 VBOX  )
[    0.000000] ACPI: XSDT 0x000000003FFF0030 00003C (v01 VBOX   VBOXXSDT 00000001 ASL  00000061)
[    0.000000] ACPI: FACP 0x000000003FFF00F0 0000F4 (v04 VBOX   VBOXFACP 00000001 ASL  00000061)
[    0.000000] ACPI: DSDT 0x000000003FFF0470 002325 (v02 VBOX   VBOXBIOS 00000002 INTL 20200925)
[    0.000000] ACPI: FACS 0x000000003FFF0200 000040
[    0.000000] ACPI: FACS 0x000000003FFF0200 000040
[    0.000000] ACPI: APIC 0x000000003FFF0240 000054 (v02 VBOX   VBOXAPIC 00000001 ASL  00000061)
[    0.000000] ACPI: SSDT 0x000000003FFF02A0 0001CC (v01 VBOX   VBOXCPUT 00000002 INTL 20200925)
[    0.000000] ACPI: Reserving FACP table memory at [mem 0x3fff00f0-0x3fff01e3]
[    0.000000] ACPI: Reserving DSDT table memory at [mem 0x3fff0470-0x3fff2794]
[    0.000000] ACPI: Reserving FACS table memory at [mem 0x3fff0200-0x3fff023f]
[    0.000000] ACPI: Reserving FACS table memory at [mem 0x3fff0200-0x3fff023f]
[    0.000000] ACPI: Reserving APIC table memory at [mem 0x3fff0240-0x3fff0293]
[    0.000000] ACPI: Reserving SSDT table memory at [mem 0x3fff02a0-0x3fff046b]
[    0.000000] No NUMA configuration found
[    0.000000] Faking a node at [mem 0x0000000000000000-0x000000003ffeffff]
[    0.000000] NODE_DATA(0) allocated [mem 0x3ffc5000-0x3ffeffff]
[    0.000000] kvm-clock: cpu 0, msr 0:3ff44001, primary cpu clock
[    0.000000] kvm-clock: Using msrs 4b564d01 and 4b564d00
[    0.000000] kvm-clock: using sched offset of 3114144113 cycles
[    0.000000] clocksource: kvm-clock: mask: 0xffffffffffffffff max_cycles: 0x1cd42e4dffb, max_idle_ns: 881590591483 ns
[    0.000000] Zone ranges:
[    0.000000]   DMA      [mem 0x0000000000001000-0x0000000000ffffff]
[    0.000000]   DMA32    [mem 0x0000000001000000-0x000000003ffeffff]
[    0.000000]   Normal   empty
[    0.000000]   Device   empty
[    0.000000] Movable zone start for each node
[    0.000000] Early memory node ranges
[    0.000000]   node   0: [mem 0x0000000000001000-0x000000000009efff]
[    0.000000]   node   0: [mem 0x0000000000100000-0x000000003ffeffff]
[    0.000000] Reserved but unavailable: 104 pages
[    0.000000] Initmem setup node 0 [mem 0x0000000000001000-0x000000003ffeffff]
[    0.000000] ACPI: PM-Timer IO Port: 0x4008
[    0.000000] IOAPIC[0]: apic_id 1, version 32, address 0xfec00000, GSI 0-23
[    0.000000] ACPI: INT_SRC_OVR (bus 0 bus_irq 0 global_irq 2 dfl dfl)
[    0.000000] ACPI: INT_SRC_OVR (bus 0 bus_irq 9 global_irq 9 low level)
[    0.000000] Using ACPI (MADT) for SMP configuration information
[    0.000000] smpboot: Allowing 1 CPUs, 0 hotplug CPUs
[    0.000000] PM: Registered nosave memory: [mem 0x00000000-0x00000fff]
[    0.000000] PM: Registered nosave memory: [mem 0x0009f000-0x0009ffff]
[    0.000000] PM: Registered nosave memory: [mem 0x000a0000-0x000effff]
[    0.000000] PM: Registered nosave memory: [mem 0x000f0000-0x000fffff]
[    0.000000] e820: [mem 0x40000000-0xfebfffff] available for PCI devices
[    0.000000] Booting paravirtualized kernel on KVM
[    0.000000] clocksource: refined-jiffies: mask: 0xffffffff max_cycles: 0xffffffff, max_idle_ns: 7645519600211568 ns
[    0.000000] setup_percpu: NR_CPUS:8192 nr_cpumask_bits:1 nr_cpu_ids:1 nr_node_ids:1
[    0.000000] percpu: Embedded 50 pages/cpu s167936 r8192 d28672 u2097152
[    0.000000] PV qspinlock hash table entries: 256 (order: 0, 4096 bytes)
[    0.000000] Built 1 zonelists, mobility grouping on.  Total pages: 257913
[    0.000000] Policy zone: DMA32
[    0.000000] Kernel command line: BOOT_IMAGE=/boot/vmlinuz-4.15.0-200-generic root=LABEL=cloudimg-rootfs ro console=tty1 console=ttyS0
[    0.000000] Memory: 982848K/1048120K available (12300K kernel code, 2477K rwdata, 4320K rodata, 2472K init, 2720K bss, 65272K reserved, 0K cma-reserved)
[    0.000000] SLUB: HWalign=64, Order=0-3, MinObjects=0, CPUs=1, Nodes=1
[    0.000000] ftrace: allocating 39478 entries in 155 pages
[    0.004000] Hierarchical RCU implementation.
[    0.004000] 	RCU restricting CPUs from NR_CPUS=8192 to nr_cpu_ids=1.
[    0.004000] 	Tasks RCU enabled.
[    0.004000] RCU: Adjusting geometry for rcu_fanout_leaf=16, nr_cpu_ids=1
[    0.004000] NR_IRQS: 524544, nr_irqs: 256, preallocated irqs: 16
[    0.004000] random: crng init done
[    0.004000] Console: colour VGA+ 80x25
[    0.004000] console [tty1] enabled
[    0.004000] console [ttyS0] enabled
[    0.004000] ACPI: Core revision 20170831
[    0.004000] ACPI: 2 ACPI AML tables successfully acquired and loaded
[    0.004000] APIC: Switch to symmetric I/O mode setup
[    0.004000] x2apic enabled
[    0.004000] Switched APIC routing to physical x2apic.
[    0.004000] ..TIMER: vector=0x30 apic1=0 pin1=2 apic2=-1 pin2=-1
[    0.004000] tsc: Detected 2894.562 MHz processor
[    0.004000] Calibrating delay loop (skipped) preset value.. 5789.12 BogoMIPS (lpj=11578248)
[    0.004000] pid_max: default: 32768 minimum: 301
[    0.004000] Security Framework initialized
[    0.004005] Yama: becoming mindful.
[    0.004326] AppArmor: AppArmor initialized
[    0.005294] Dentry cache hash table entries: 131072 (order: 8, 1048576 bytes)
[    0.005926] Inode-cache hash table entries: 65536 (order: 7, 524288 bytes)
[    0.006470] Mount-cache hash table entries: 2048 (order: 2, 16384 bytes)
[    0.006998] Mountpoint-cache hash table entries: 2048 (order: 2, 16384 bytes)
[    0.007738] CPU0: Hyper-Threading is disabled
[    0.008027] Last level iTLB entries: 4KB 1024, 2MB 1024, 4MB 512
[    0.008501] Last level dTLB entries: 4KB 2048, 2MB 2048, 4MB 1024, 1GB 0
[    0.009019] Spectre V1 : Mitigation: usercopy/swapgs barriers and __user pointer sanitization
[    0.009680] Spectre V2 : Mitigation: Retpolines
[    0.010070] Spectre V2 : Spectre v2 / SpectreRSB mitigation: Filling RSB on context switch
[    0.012705] Freeing SMP alternatives memory: 36K
[    0.124043] smpboot: CPU0: AMD Ryzen 7 4800H with Radeon Graphics (family: 0x17, model: 0x60, stepping: 0x1)
[    0.124953] Performance Events: PMU not available due to virtualization, using software events only.
[    0.125699] Hierarchical SRCU implementation.
[    0.126444] NMI watchdog: Perf event create on CPU 0 failed with -2
[    0.126959] NMI watchdog: Perf NMI watchdog permanently disabled
[    0.127458] smp: Bringing up secondary CPUs ...
[    0.127832] smp: Brought up 1 node, 1 CPU
[    0.128002] smpboot: Max logical packages: 1
[    0.128355] smpboot: Total of 1 processors activated (5789.12 BogoMIPS)
[    0.128954] devtmpfs: initialized
[    0.129282] x86/mm: Memory block size: 128MB
[    0.129727] evm: security.selinux
[    0.130019] evm: security.SMACK64
[    0.130302] evm: security.SMACK64EXEC
[    0.130625] evm: security.SMACK64TRANSMUTE
[    0.130961] evm: security.SMACK64MMAP
[    0.131270] evm: security.apparmor
[    0.132004] evm: security.ima
[    0.132272] evm: security.capability
[    0.132739] clocksource: jiffies: mask: 0xffffffff max_cycles: 0xffffffff, max_idle_ns: 7645041785100000 ns
[    0.133578] futex hash table entries: 256 (order: 2, 16384 bytes)
[    0.134135] pinctrl core: initialized pinctrl subsystem
[    0.134685] RTC time: 21:30:13, date: 12/21/22
[    0.135200] NET: Registered protocol family 16
[    0.135647] audit: initializing netlink subsys (disabled)
[    0.136141] cpuidle: using governor ladder
[    0.136515] cpuidle: using governor menu
[    0.137031] ACPI: bus type PCI registered
[    0.137378] acpiphp: ACPI Hot Plug PCI Controller Driver version: 0.5
[    0.137967] PCI: Using configuration type 1 for base access
[    0.138416] PCI: Using configuration type 1 for extended access
[    0.138940] audit: type=2000 audit(1671658217.946:1): state=initialized audit_enabled=0 res=1
[    0.140000] HugeTLB registered 2.00 MiB page size, pre-allocated 0 pages
[    0.140718] ACPI: Added _OSI(Module Device)
[    0.141113] ACPI: Added _OSI(Processor Device)
[    0.141522] ACPI: Added _OSI(3.0 _SCP Extensions)
[    0.141975] ACPI: Added _OSI(Processor Aggregator Device)
[    0.142474] ACPI: Added _OSI(Linux-Dell-Video)
[    0.142883] ACPI: Added _OSI(Linux-Lenovo-NV-HDMI-Audio)
[    0.144013] ACPI: Added _OSI(Linux-HPI-Hybrid-Graphics)
[    0.144635] ACPI: Executed 1 blocks of module-level executable AML code
[    0.147196] ACPI: Interpreter enabled
[    0.148023] ACPI: (supports S0 S5)
[    0.148317] ACPI: Using IOAPIC for interrupt routing
[    0.148896] PCI: Using host bridge windows from ACPI; if necessary, use "pci=nocrs" and report a bug
[    0.149628] ACPI: Enabled 2 GPEs in block 00 to 07
[    0.152910] ACPI: PCI Root Bridge [PCI0] (domain 0000 [bus 00-ff])
[    0.153473] acpi PNP0A03:00: _OSC: OS supports [ExtendedConfig ASPM ClockPM Segments MSI]
[    0.154827] acpi PNP0A03:00: _OSC: platform does not support [PCIeCapability]
[    0.155799] acpi PNP0A03:00: _OSC: not requesting control; platform does not support [PCIeCapability]
[    0.156003] acpi PNP0A03:00: _OSC: OS requested [PCIeHotplug PME AER PCIeCapability]
[    0.156678] acpi PNP0A03:00: _OSC: platform willing to grant [PCIeHotplug PME AER]
[    0.157354] acpi PNP0A03:00: _OSC failed (AE_SUPPORT); disabling ASPM
[    0.158130] PCI host bridge to bus 0000:00
[    0.158484] pci_bus 0000:00: root bus resource [io  0x0000-0x0cf7 window]
[    0.159004] pci_bus 0000:00: root bus resource [io  0x0d00-0xffff window]
[    0.160003] pci_bus 0000:00: root bus resource [mem 0x000a0000-0x000bffff window]
[    0.160596] pci_bus 0000:00: root bus resource [mem 0x40000000-0xfdffffff window]
[    0.161183] pci_bus 0000:00: root bus resource [bus 00-ff]
[    0.162462] pci 0000:00:01.1: legacy IDE quirk: reg 0x10: [io  0x01f0-0x01f7]
[    0.163012] pci 0000:00:01.1: legacy IDE quirk: reg 0x14: [io  0x03f6]
[    0.164003] pci 0000:00:01.1: legacy IDE quirk: reg 0x18: [io  0x0170-0x0177]
[    0.164576] pci 0000:00:01.1: legacy IDE quirk: reg 0x1c: [io  0x0376]
[    0.173903] pci 0000:00:07.0: quirk: [io  0x4000-0x403f] claimed by PIIX4 ACPI
[    0.174564] pci 0000:00:07.0: quirk: [io  0x4100-0x410f] claimed by PIIX4 SMB
[    0.180000] ACPI: PCI Interrupt Link [LNKA] (IRQs 5 9 10 *11)
[    0.180000] ACPI: PCI Interrupt Link [LNKB] (IRQs 5 9 *10 11)
[    0.180000] ACPI: PCI Interrupt Link [LNKC] (IRQs 5 *9 10 11)
[    0.180000] ACPI: PCI Interrupt Link [LNKD] (IRQs 5 9 10 *11)
[    0.180256] SCSI subsystem initialized
[    0.180657] pci 0000:00:02.0: vgaarb: setting as boot VGA device
[    0.181121] pci 0000:00:02.0: vgaarb: VGA device added: decodes=io+mem,owns=io+mem,locks=none
[    0.184003] pci 0000:00:02.0: vgaarb: bridge control possible
[    0.184448] vgaarb: loaded
[    0.184713] ACPI: bus type USB registered
[    0.185058] usbcore: registered new interface driver usbfs
[    0.185492] usbcore: registered new interface driver hub
[    0.185932] usbcore: registered new device driver usb
[    0.186368] EDAC MC: Ver: 3.0.0
[    0.186793] PCI: Using ACPI for IRQ routing
[    0.188142] NetLabel: Initializing
[    0.188432] NetLabel:  domain hash size = 128
[    0.188787] NetLabel:  protocols = UNLABELED CIPSOv4 CALIPSO
[    0.189245] NetLabel:  unlabeled traffic allowed by default
[    0.189753] clocksource: Switched to clocksource kvm-clock
[    0.197739] VFS: Disk quotas dquot_6.6.0
[    0.198140] VFS: Dquot-cache hash table entries: 512 (order 0, 4096 bytes)
[    0.198736] AppArmor: AppArmor Filesystem Enabled
[    0.199142] pnp: PnP ACPI init
[    0.200000] pnp: PnP ACPI: found 3 devices
[    0.205462] clocksource: acpi_pm: mask: 0xffffff max_cycles: 0xffffff, max_idle_ns: 2085701024 ns
[    0.206251] NET: Registered protocol family 2
[    0.206660] IP idents hash table entries: 16384 (order: 5, 131072 bytes)
[    0.207332] TCP established hash table entries: 8192 (order: 4, 65536 bytes)
[    0.207899] TCP bind hash table entries: 8192 (order: 5, 131072 bytes)
[    0.208436] TCP: Hash tables configured (established 8192 bind 8192)
[    0.209517] UDP hash table entries: 512 (order: 2, 16384 bytes)
[    0.210034] UDP-Lite hash table entries: 512 (order: 2, 16384 bytes)
[    0.210567] NET: Registered protocol family 1
[    0.210970] pci 0000:00:00.0: Limiting direct PCI/PCI transfers
[    0.211447] pci 0000:00:01.0: Activating ISA DMA hang workarounds
[    0.211973] pci 0000:00:02.0: Video device with shadowed ROM at [mem 0x000c0000-0x000dffff]
[    0.212721] Unpacking initramfs...
[    0.432359] Freeing initrd memory: 19532K
[    0.432902] clocksource: tsc: mask: 0xffffffffffffffff max_cycles: 0x29b931f2070, max_idle_ns: 440795319138 ns
[    0.433871] platform rtc_cmos: registered platform RTC device (no PNP device found)
[    0.434530] Scanning for low memory corruption every 60 seconds
[    0.435490] Initialise system trusted keyrings
[    0.435903] Key type blacklist registered
[    0.436381] workingset: timestamp_bits=36 max_order=18 bucket_order=0
[    0.437600] zbud: loaded
[    0.438188] squashfs: version 4.0 (2009/01/31) Phillip Lougher
[    0.438777] fuse init (API version 7.26)
[    0.439679] Key type asymmetric registered
[    0.440107] Asymmetric key parser 'x509' registered
[    0.440608] Block layer SCSI generic (bsg) driver version 0.4 loaded (major 246)
[    0.441305] io scheduler noop registered
[    0.441664] io scheduler deadline registered
[    0.442035] io scheduler cfq registered (default)
[    0.442615] ACPI: AC Adapter [AC] (on-line)
[    0.443044] input: Power Button as /devices/LNXSYSTM:00/LNXPWRBN:00/input/input0
[    0.443687] ACPI: Power Button [PWRF]
[    0.444094] input: Sleep Button as /devices/LNXSYSTM:00/LNXSLPBN:00/input/input1
[    0.444703] ACPI: Sleep Button [SLPF]
[    0.445534] ACPI: Battery Slot [BAT0] (battery present)
[    0.446076] Serial: 8250/16550 driver, 32 ports, IRQ sharing enabled
[    0.466977] 00:02: ttyS0 at I/O 0x3f8 (irq = 4, base_baud = 115200) is a 16550A
[    0.468520] Linux agpgart interface v0.103
[    0.469563] loop: module loaded
[    0.470228] scsi host0: ata_piix
[    0.470621] scsi host1: ata_piix
[    0.470977] ata1: PATA max UDMA/33 cmd 0x1f0 ctl 0x3f6 bmdma 0xd000 irq 14
[    0.471607] ata2: PATA max UDMA/33 cmd 0x170 ctl 0x376 bmdma 0xd008 irq 15
[    0.472411] tun: Universal TUN/TAP device driver, 1.6
[    0.472904] PPP generic driver version 2.4.2
[    0.473370] ehci_hcd: USB 2.0 'Enhanced' Host Controller (EHCI) Driver
[    0.473944] ehci-pci: EHCI PCI platform driver
[    0.474399] ehci-platform: EHCI generic platform driver
[    0.474816] ohci_hcd: USB 1.1 'Open' Host Controller (OHCI) Driver
[    0.475383] ohci-pci: OHCI PCI platform driver
[    0.475807] ohci-platform: OHCI generic platform driver
[    0.476423] uhci_hcd: USB Universal Host Controller Interface driver
[    0.477018] i8042: PNP: PS/2 Controller [PNP0303:PS2K,PNP0f03:PS2M] at 0x60,0x64 irq 1,12
[    0.478022] serio: i8042 KBD port at 0x60,0x64 irq 1
[    0.478491] serio: i8042 AUX port at 0x60,0x64 irq 12
[    0.478986] mousedev: PS/2 mouse device common for all mice
[    0.479624] input: AT Translated Set 2 keyboard as /devices/platform/i8042/serio0/input/input2
[    0.480596] rtc_cmos rtc_cmos: rtc core: registered rtc_cmos as rtc0
[    0.481203] rtc_cmos rtc_cmos: alarms up to one day, 114 bytes nvram
[    0.481782] i2c /dev entries driver
[    0.482129] device-mapper: uevent: version 1.0.3
[    0.482582] device-mapper: ioctl: 4.37.0-ioctl (2017-09-20) initialised: dm-devel@redhat.com
[    0.483351] ledtrig-cpu: registered to indicate activity on CPUs
[    0.484075] NET: Registered protocol family 10
[    0.486225] Segment Routing with IPv6
[    0.486592] NET: Registered protocol family 17
[    0.486999] Key type dns_resolver registered
[    0.487466] mce: Using 0 MCE banks
[    0.487825] RAS: Correctable Errors collector initialized.
[    0.488344] sched_clock: Marking stable (488324861, 0)->(574074866, -85750005)
[    0.489081] registered taskstats version 1
[    0.489443] Loading compiled-in X.509 certificates
[    0.490986] Loaded X.509 cert 'Build time autogenerated kernel key: 29e5beaa583364da097e68c9386761f80dbce7ef'
[    0.492221] Loaded X.509 cert 'Canonical Ltd. Live Patch Signing: 14df34d1a87cf37625abec039ef2bf521249b969'
[    0.493460] Loaded X.509 cert 'Canonical Ltd. Kernel Module Signing: 88f752e560a1e0737e31163a466ad7b70a850c19'
[    0.494316] blacklist: Loading compiled-in revocation X.509 certificates
[    0.494872] Loaded X.509 cert 'Canonical Ltd. Secure Boot Signing: 61482aa2830d0ab2ad5af10b7250da9033ddcef0'
[    0.495729] zswap: loaded using pool lzo/zbud
[    0.497635] Key type big_key registered
[    0.498004] Key type trusted registered
[    0.499062] Key type encrypted registered
[    0.499444] AppArmor: AppArmor sha1 policy hashing enabled
[    0.499919] ima: No TPM chip found, activating TPM-bypass! (rc=-19)
[    0.500510] ima: Allocated hash algorithm: sha1
[    0.500934] evm: HMAC attrs: 0x1
[    0.501391]   Magic number: 2:323:551
[    0.501762] tty ttyS27: hash matches
[    0.502130] acpi PNP0C0F:02: hash matches
[    0.502536] rtc_cmos rtc_cmos: setting system clock to 2022-12-21 21:30:13 UTC (1671658213)
[    0.503297] BIOS EDD facility v0.16 2004-Jun-25, 0 devices found
[    0.503831] EDD information not available.
[    0.656111] Freeing unused kernel image memory: 2472K
[    0.664053] Write protecting the kernel read-only data: 20480k
[    0.665382] Freeing unused kernel image memory: 2008K
[    0.666095] Freeing unused kernel image memory: 1824K
[    0.672492] x86/mm: Checked W+X mappings: passed, no W+X pages found.
Loading, please wait...
starting version 237
[    0.733972] e1000: Intel(R) PRO/1000 Network Driver - version 7.3.21-k8-NAPI
[    0.734704] e1000: Copyright (c) 1999-2006 Intel Corporation.
[    0.738737] Fusion MPT base driver 3.04.20
[    0.739145] Copyright (c) 1999-2008 LSI Corporation
[    0.745874] Fusion MPT SPI Host driver 3.04.20
[    0.761255] AVX2 version of gcm_enc/dec engaged.
[    0.761768] AES CTR mode by8 optimization enabled
[    0.950672] input: ImExPS/2 Generic Explorer Mouse as /devices/platform/i8042/serio1/input/input4
[    1.078247] e1000 0000:00:03.0 eth0: (PCI:33MHz:32-bit) 02:40:49:ac:f0:20
[    1.078897] e1000 0000:00:03.0 eth0: Intel(R) PRO/1000 Network Connection
[    1.080093] mptbase: ioc0: Initiating bringup
[    1.176117] ioc0: LSI53C1030 A0: Capabilities={Initiator}
[    1.417585] scsi host2: ioc0: LSI53C1030 A0, FwRev=00000000h, Ports=1, MaxQ=256, IRQ=20
[    1.586165] scsi 2:0:0:0: Direct-Access     VBOX     HARDDISK         1.0  PQ: 0 ANSI: 5
[    1.588666] scsi target2:0:0: Beginning Domain Validation
[    1.591759] scsi target2:0:0: Domain Validation skipping write tests
[    1.593605] scsi target2:0:0: Ending Domain Validation
[    1.595221] scsi target2:0:0: asynchronous
[    1.597006] scsi 2:0:1:0: Direct-Access     VBOX     HARDDISK         1.0  PQ: 0 ANSI: 5
[    1.599286] scsi target2:0:1: Beginning Domain Validation
[    1.602021] scsi target2:0:1: Domain Validation skipping write tests
[    1.603810] scsi target2:0:1: Ending Domain Validation
[    1.605404] scsi target2:0:1: asynchronous
[    1.612692] sd 2:0:0:0: [sda] 83886080 512-byte logical blocks: (42.9 GB/40.0 GiB)
[    1.615956] sd 2:0:0:0: Attached scsi generic sg0 type 0
[    1.617536] sd 2:0:0:0: [sda] Write Protect is off
[    1.619074] sd 2:0:0:0: [sda] Incomplete mode parameter data
[    1.620764] sd 2:0:0:0: [sda] Assuming drive cache: write through
[    1.627268] sd 2:0:1:0: Attached scsi generic sg1 type 0
[    1.628894] sd 2:0:1:0: [sdb] 20480 512-byte logical blocks: (10.5 MB/10.0 MiB)
[    1.631094] sd 2:0:1:0: [sdb] Write Protect is off
[    1.632977] sd 2:0:1:0: [sdb] Incomplete mode parameter data
[    1.634743] sd 2:0:1:0: [sdb] Assuming drive cache: write through
[    1.637304]  sda: sda1
[    1.639336] sd 2:0:0:0: [sda] Attached SCSI disk
[    1.672366] sd 2:0:1:0: [sdb] Attached SCSI disk
[    1.946384] e1000 0000:00:08.0 eth1: (PCI:33MHz:32-bit) 08:00:27:89:3b:70
[    1.947308] e1000 0000:00:08.0 eth1: Intel(R) PRO/1000 Network Connection
[    1.948737] e1000 0000:00:08.0 enp0s8: renamed from eth1
[    1.950348] e1000 0000:00:03.0 enp0s3: renamed from eth0
Begin: Loading essential drivers ... [    3.280758] raid6: sse2x1   gen()  8801 MB/s
[    3.328568] raid6: sse2x1   xor()  8703 MB/s
[    3.376745] raid6: sse2x2   gen() 18189 MB/s
[    3.424744] raid6: sse2x2   xor() 11931 MB/s
[    3.472261] raid6: sse2x4   gen() 18638 MB/s
[    3.520554] raid6: sse2x4   xor() 10720 MB/s
[    3.568737] raid6: avx2x1   gen() 20711 MB/s
[    3.616671] raid6: avx2x1   xor() 16840 MB/s
[    3.664747] raid6: avx2x2   gen() 37568 MB/s
[    3.712398] raid6: avx2x2   xor() 22332 MB/s
[    3.760733] raid6: avx2x4   gen() 38668 MB/s
[    3.808730] raid6: avx2x4   xor() 17572 MB/s
[    3.809166] raid6: using algorithm avx2x4 gen() 38668 MB/s
[    3.809617] raid6: .... xor() 17572 MB/s, rmw enabled
[    3.810046] raid6: using avx2x2 recovery algorithm
[    3.811685] xor: automatically using best checksumming function   avx       
[    3.813123] async_tx: api initialized (async)
done.
Begin: Running /scripts/init-premount ... done.
Begin: Mounting root file system ... Begin: Running /scripts/local-top ... done.
Begin: Running /scripts/local-premount ... [    3.846092] Btrfs loaded, crc32c=crc32c-intel
Scanning for Btrfs filesystems
done.
Warning: fsck not present, so skipping root file system
[    3.933699] EXT4-fs (sda1): mounted filesystem with ordered data mode. Opts: (null)
done.
Begin: Running /scripts/local-bottom ... done.
Begin: Running /scripts/init-bottom ... done.
[    4.282186] ip_tables: (C) 2000-2006 Netfilter Core Team
[    4.287356] systemd[1]: systemd 237 running in system mode. (+PAM +AUDIT +SELINUX +IMA +APPARMOR +SMACK +SYSVINIT +UTMP +LIBCRYPTSETUP +GCRYPT +GNUTLS +ACL +XZ +LZ4 +SECCOMP +BLKID +ELFUTILS +KMOD -IDN2 +IDN -PCRE2 default-hierarchy=hybrid)
[    4.289112] systemd[1]: Detected virtualization oracle.
[    4.289525] systemd[1]: Detected architecture x86-64.

Welcome to [1mUbuntu 18.04.6 LTS[0m!

[    4.292195] systemd[1]: Set hostname to <ubuntu>.
[    4.294102] systemd[1]: Initializing machine ID from random generator.
[    4.294652] systemd[1]: Installed transient /etc/machine-id file.
[    4.454291] systemd[1]: Reached target Swap.
[[0;32m  OK  [0m] Reached target Swap.
[    4.455215] systemd[1]: Created slice User and Session Slice.
[[0;32m  OK  [0m] Created slice User and Session Slice.
[    4.455912] systemd[1]: Started Forward Password Requests to Wall Directory Watch.
[[0;32m  OK  [0m] Started Forward Password Requests to Wall Directory Watch.
[    4.468273] systemd[1]: Set up automount Arbitrary Executable File Formats File System Automount Point.
[[0;32m  OK  [0m] Set up automount Arbitrary Executab…rmats File System Automount Point.
[[0;32m  OK  [0m] Reached target System Time Synchronized.
[[0;32m  OK  [0m] Created slice System Slice.
[[0;32m  OK  [0m] Listening on /dev/initctl Compatibility Named Pipe.
[[0;32m  OK  [0m] Listening on Network Service Netlink Socket.
[[0;32m  OK  [0m] Listening on Syslog Socket.
[[0;32m  OK  [0m] Listening on Journal Socket.
         Starting Uncomplicated firewall...
         Starting Set the console keyboard layout...
         Mounting Huge Pages File System...
         Mounting Kernel Debug File System...
[[0;32m  OK  [0m] Reached target Slices.
[[0;32m  OK  [0m] Listening on LVM2 poll daemon socket.
[[0;32m  OK  [0m] Listening on udev Control Socket.
         Starting Create list of required st…ce nodes for the current kernel...
[[0;32m  OK  [0m] Listening on Device-mapper event daemon FIFOs.
[[0;32m  OK  [0m] Created slice system-serial\x2dgetty.slice.
         Mounting POSIX Message Queue File System...
[[0;32m  OK  [0m] Reached target User and Group Name Lookups.
[[0;32m  OK  [0m] Listening on fsck to fsckd communication Socket.
[[0;32m  OK  [0m] Listening on Journal Audit Socket.
         Starting Load Kernel Modules...
         Starting File System Check on Root Device...
[[0;32m  OK  [0m] Listening on LVM2 metadata daemon socket.
         Starting Monitoring of LVM2 mirrors…ng dmeventd or progress polling...
[[0;32m  OK  [0m] Listening on Journal Socket (/dev/log).
         Starting Journal Service...
[[0;32m  OK  [0m] Listening on udev Kernel Socket.
         Starting udev Coldplug all Devices...
[[0;32m  OK  [0m] Started Uncomplicated firewall.
[[0;32m  OK  [0m] Mounted Huge Pages File System.
[[0;32m  OK  [0m] Mounted Kernel Debug File System.
[[0;32m  OK  [0m] Started Create list of required sta…vice nodes for the current kernel.
[[0;32m  OK  [0m] Mounted POSIX Message Queue File System.
         Starting Create Static Device Nodes in /dev...
[[0;32m  OK  [0m] Started File System Check Daemon to report status.
[[0;32m  OK  [0m] Started LVM2 metadata daemon.
[    4.593458] Loading iSCSI transport class v2.0-870.
[    4.599377] iscsi: registered transport (tcp)
[[0;32m  OK  [0m] Started udev Coldplug all Devices.
[[0;32m  OK  [0m] Started Journal Service.
[[0;32m  OK  [0m] Started Create Static Device Nodes in /dev.
[[0;32m  OK  [0m] Started File System Check on Root Device.
         Starting Remount Root and Kernel File Systems...
[    4.666183] iscsi: registered transport (iser)
[[0;32m  OK  [0m] Started Load Kernel Modules.
[[0;32m  OK  [0m] Started Monitoring of LVM2 mirrors,…sing dmeventd or progress polling.
         Mounting FUSE Control File System...
[    4.682875] EXT4-fs (sda1): re-mounted. Opts: (null)
         Mounting Kernel Configuration File System...
         Starting Apply Kernel Variables...
[[0;32m  OK  [0m] Started Remount Root and Kernel File Systems.
[[0;32m  OK  [0m] Mounted FUSE Control File System.
[[0;32m  OK  [0m] Mounted Kernel Configuration File System.
         Starting udev Kernel Device Manager...
         Starting Flush Journal to Persistent Storage...
         Starting Load/Save Random Seed...
[[0;32m  OK  [0m] Started Load/Save Random Seed.
[[0;32m  OK  [0m] Started udev Kernel Device Manager.
[[0;32m  OK  [0m] Started Apply Kernel Variables.
[[0;32m  OK  [0m] Started Flush Journal to Persistent Storage.
[[0;32m  OK  [0m] Found device /dev/ttyS0.
[[0;32m  OK  [0m] Listening on Load/Save RF Kill Switch Status /dev/rfkill Watch.
         Mounting Arbitrary Executable File Formats File System...
[[0;32m  OK  [0m] Mounted Arbitrary Executable File Formats File System.
[[0;32m  OK  [0m] Started Set the console keyboard layout.
[[0;32m  OK  [0m] Started Dispatch Password Requests to Console Directory Watch.
[[0;32m  OK  [0m] Reached target Local Encrypted Volumes.
[[0;32m  OK  [0m] Reached target Local File Systems (Pre).
[[0;32m  OK  [0m] Reached target Local File Systems.
         Starting AppArmor initialization...
         Starting ebtables ruleset management...
         Starting Tell Plymouth To Write Out Runtime Data...
         Starting Create Volatile Files and Directories...
         Starting Set console font and keymap...
         Starting Commit a transient machine-id on disk...
[[0;32m  OK  [0m] Started Tell Plymouth To Write Out Runtime Data.
[[0;32m  OK  [0m] Started Commit a transient machine-id on disk.
[[0;32m  OK  [0m] Started Create Volatile Files and Directories.
         Starting Update UTMP about System Boot/Shutdown...
[[0;32m  OK  [0m] Started Update UTMP about System Boot/Shutdown.
[[0;32m  OK  [0m] Started ebtables ruleset management.
[[0;32m  OK  [0m] Started Set console font and keymap.
[[0;32m  OK  [0m] Started AppArmor initialization.
         Starting Load AppArmor profiles managed internally by snapd...
         Starting Initial cloud-init job (pre-networking)...
[[0;32m  OK  [0m] Started Load AppArmor profiles managed internally by snapd.
[    7.310346] cloud-init[787]: Cloud-init v. 22.4.2-0ubuntu0~18.04.1 running 'init-local' at Wed, 21 Dec 2022 21:30:20 +0000. Up 7.10 seconds.
[[0;32m  OK  [0m] Started Initial cloud-init job (pre-networking).
[[0;32m  OK  [0m] Reached target Network (Pre).
         Starting Network Service...
[[0;32m  OK  [0m] Started Network Service.
         Starting Network Name Resolution...
         Starting Wait for Network to be Configured...
[[0;32m  OK  [0m] Started Network Name Resolution.
[[0;32m  OK  [0m] Reached target Host and Network Name Lookups.
[[0;32m  OK  [0m] Reached target Network.
[[0;32m  OK  [0m] Started Wait for Network to be Configured.
         Starting Initial cloud-init job (metadata service crawler)...
[    9.194816] cloud-init[860]: Cloud-init v. 22.4.2-0ubuntu0~18.04.1 running 'init' at Wed, 21 Dec 2022 21:30:22 +0000. Up 9.10 seconds.
[    9.195731] cloud-init[860]: ci-info: ++++++++++++++++++++++++++++++++++++++Net device info+++++++++++++++++++++++++++++++++++++++
[    9.196149] cloud-init[860]: ci-info: +--------+-------+----------------------------+---------------+--------+-------------------+
[    9.208284] cloud-init[860]: ci-info: | Device |   Up  |          Address           |      Mask     | Scope  |     Hw-Address    |
[    9.220279] cloud-init[860]: ci-info: +--------+-------+----------------------------+---------------+--------+-------------------+
[    9.220743] cloud-init[860]: ci-info: | enp0s3 |  True |         10.0.2.15          | 255.255.255.0 | global | 02:40:49:ac:f0:20 |
[    9.221121] cloud-init[860]: ci-info: | enp0s3 |  True | fe80::40:49ff:feac:f020/64 |       .       |  link  | 02:40:49:ac:f0:20 |
[    9.221468] cloud-init[860]: ci-info: | enp0s8 | False |             .              |       .       |   .    | 08:00:27:89:3b:70 |
[    9.221839] cloud-init[860]: ci-info: |   lo   |  True |         127.0.0.1          |   255.0.0.0   |  host  |         .         |
[    9.222208] cloud-init[860]: ci-info: |   lo   |  True |          ::1/128           |       .       |  host  |         .         |
[    9.232246] cloud-init[860]: ci-info: +--------+-------+----------------------------+---------------+--------+-------------------+
[    9.232646] cloud-init[860]: ci-info: ++++++++++++++++++++++++++++Route IPv4 info+++++++++++++++++++++++++++++
[    9.232958] cloud-init[860]: ci-info: +-------+-------------+----------+-----------------+-----------+-------+
[    9.233284] cloud-init[860]: ci-info: | Route | Destination | Gateway  |     Genmask     | Interface | Flags |
[    9.233606] cloud-init[860]: ci-info: +-------+-------------+----------+-----------------+-----------+-------+
[    9.233922] cloud-init[860]: ci-info: |   0   |   0.0.0.0   | 10.0.2.2 |     0.0.0.0     |   enp0s3  |   UG  |
[    9.234284] cloud-init[860]: ci-info: |   1   |   10.0.2.0  | 0.0.0.0  |  255.255.255.0  |   enp0s3  |   U   |
[    9.234622] cloud-init[860]: ci-info: |   2   |   10.0.2.2  | 0.0.0.0  | 255.255.255.255 |   enp0s3  |   UH  |
[    9.244388] cloud-init[860]: ci-info: +-------+-------------+----------+-----------------+-----------+-------+
[    9.244767] cloud-init[860]: ci-info: +++++++++++++++++++Route IPv6 info+++++++++++++++++++
[    9.245059] cloud-init[860]: ci-info: +-------+-------------+---------+-----------+-------+
[    9.256215] cloud-init[860]: ci-info: | Route | Destination | Gateway | Interface | Flags |
[    9.256527] cloud-init[860]: ci-info: +-------+-------------+---------+-----------+-------+
[    9.256844] cloud-init[860]: ci-info: |   1   |  fe80::/64  |    ::   |   enp0s3  |   U   |
[    9.268785] cloud-init[860]: ci-info: |   3   |    local    |    ::   |   enp0s3  |   U   |
[    9.269155] cloud-init[860]: ci-info: |   4   |   ff00::/8  |    ::   |   enp0s3  |   U   |
[    9.269548] cloud-init[860]: ci-info: +-------+-------------+---------+-----------+-------+
[    9.719849] cloud-init[860]: Generating public/private rsa key pair.
[    9.720219] cloud-init[860]: Your identification has been saved in /etc/ssh/ssh_host_rsa_key.
[    9.720591] cloud-init[860]: Your public key has been saved in /etc/ssh/ssh_host_rsa_key.pub.
[    9.720897] cloud-init[860]: The key fingerprint is:
[    9.732205] cloud-init[860]: SHA256:NqWOBxWjNaxDq8r3Gipgylk/JaS3QA4xxf3LEW83KCY root@ubuntu-bionic
[    9.744247] cloud-init[860]: The key's randomart image is:
[    9.744506] cloud-init[860]: +---[RSA 2048]----+
[    9.744758] cloud-init[860]: |  o..  .=        |
[    9.744987] cloud-init[860]: | o . ..+.+       |
[    9.745186] cloud-init[860]: |  o  .oo+ o      |
[    9.745451] cloud-init[860]: | . . E+* * o     |
[    9.745709] cloud-init[860]: |  + o.=.S . .    |
[    9.745980] cloud-init[860]: |.. =.o O .       |
[    9.756283] cloud-init[860]: |=.o.= = o        |
[    9.756500] cloud-init[860]: |ooo..= .         |
[    9.756760] cloud-init[860]: | ....oo          |
[    9.756967] cloud-init[860]: +----[SHA256]-----+
[    9.757194] cloud-init[860]: Generating public/private dsa key pair.
[    9.757441] cloud-init[860]: Your identification has been saved in /etc/ssh/ssh_host_dsa_key.
[    9.768319] cloud-init[860]: Your public key has been saved in /etc/ssh/ssh_host_dsa_key.pub.
[    9.768700] cloud-init[860]: The key fingerprint is:
[    9.768889] cloud-init[860]: SHA256:Fz1tC4viCjXNIa24hqUsuq3DCPrnYNzq9w0OepB511c root@ubuntu-bionic
[[0;32m  OK  [0m] Started Initial cloud-init job (metadata service crawler).
[[0;32m  OK  [0m] Reached target Cloud-config availability.
[[0;32m  OK  [0m] Reached target Network is Online.
[    9.782751] cloud-init[860]: The key's randomart image is:
[    9.784202] cloud-init[860]: +---[DSA 1024]----+
[    9.784553] cloud-init[860]: |                 |
         Starting Availability of block devices...
[[0;32m  OK  [0m] Reached target Remote File Systems (Pre).
[[0;32m  OK  [0m] Reached target Remote File Systems.
[[0;32m  OK  [0m] Reached target System Initialization.
[[0;32m  OK  [0m] Started Daily Cleanup of Temporary Directories.
[[0;32m  OK  [0m] Started Discard unused blocks once a week.
[    9.799678] cloud-init[860]: |       .   . .   |
[[0;32m  OK  [0m] Started ACPI Events Check.
[[0;32m  OK  [0m] Listening on D-Bus System Message Bus Socket.
[[0;32m  OK  [0m] Listening on ACPID Listen Socket.
[[0;32m  OK  [0m] Listening on Open-iSCSI iscsid Socket.
[[0;32m  OK  [0m] Listening on cloud-init hotplug hook socket.
[[0;32m  OK  [0m] Listening on UUID daemon activation socket.
[[0;32m  OK  [0m] Reached target Paths.
[[0;32m  OK  [0m] Started Ubuntu Advantage Timer for running repeated jobs.
         Starting Socket activation for snappy daemon.
[    9.803428] cloud-init[860]: |      . o . + o  |
         Starting LXD - unix socket.
[[0;32m  OK  [0m] Started Message of the Day.
[[0;32m  OK  [0m] Started Daily apt download activities.
[[0;32m  OK  [0m] Started Daily apt upgrade and clean activities.
[[0;32m  OK  [0m] Reached target Timers.
[[0;32m  OK  [0m] Started Availability of block devices.
[[0;32m  OK  [0m] Listening on Socket activation for snappy daemon.
[[0;32m  OK  [0m] Listening on LXD - unix socket.
[[0;32m  OK  [0m] Reached target Sockets.
[[0;32m  OK  [0m] Reached target Basic System.
[    9.821376] cloud-init[860]: |     . = . oE= . |
         Starting Dispatcher daemon for systemd-networkd...
[    9.828360] cloud-init[860]: |   oo +.S o.. .  |
[[0;32m  OK  [0m] Started irqbalance daemon.
[    9.843591]          Starting Permit User Sessions...
cloud-init[860]: |.o+=.o.o.o.      |
[    9.846442] cloud-init[860]: |* Bo*.. ..       |
[    9.849967] cloud-init[860]: |== =++ +         |
[    9.852714] cloud-init[860]: |+**=..+ .        |
[    9.853206] cloud-init[860]: +----[SHA256]-----+
         Starting Pollinate to seed the pseudo random number generator...
[[0;32m  OK  [0m] Started FUSE filesystem for LXC.
         Starting LSB: automatic crash report generation...
[[0;32m  OK  [0m] Started Deferred execution scheduler.
[    9.853627] cloud-init[860]: Generating public/private ecdsa key pair.
[    9.861059] cloud-init[860]: Your identification has been saved in /etc/ssh/ssh_host_ecdsa_key.
         Starting System Logging Service...
[    9.866171] cloud-init[860]: Your public key has been saved in /etc/ssh/ssh_host_ecdsa_key.pub.
[    9.866647] cloud-init[860]: The key fingerprint is:
[    9.867122] cloud-init[860]: SHA256:wVPwPUy6JLqNfYhbwBLS4EdpVL5uCsS/LtrIMpq6PaQ root@ubuntu-bionic
[    9.868526] cloud-init[860]: The key's randomart image is:
[    9.869417] cloud-init[860]: +---[ECDSA 256]---+
[    9.869759] cloud-init[860]: |  ..oo. ... .    |
[    9.870300] cloud-init[860]: | . +o. . o =     |
[    9.873021] cloud-init[860]: |  o.+ . = + +    |
[    9.880883] cloud-init[860]: | . o o o = . .   |
[    9.881330] cloud-init[860]: |  o . = S .      |
[[0;32m  OK  [0m] Started Regular background program processing daemon.
[[0;32m  OK  [0m] Started D-Bus System Message Bus.
[    9.887347] cloud-init[860]: | ... o B .       |
[    9.891574] cloud-init[860]: | o. . * = .      |
[    9.891971] cloud-init[860]: |E=o. + o .       |
[    9.892333] cloud-init[860]: |@=o++ .          |
[    9.892726] cloud-init[860]: +----[SHA256]-----+
[    9.904281] cloud-init[860]: Generating public/private ed25519 key pair.
[    9.904653] cloud-init[860]: Your identification has been saved in /etc/ssh/ssh_host_ed25519_key.
[    9.905492] cloud-init[860]: Your public key has been saved in /etc/ssh/ssh_host_ed25519_key.pub.
[    9.907061] cloud-init[860]: The key fingerprint is:
[    9.907439] cloud-init[860]: SHA256:kw1kCxBXIHoI9oUHNDFXG7KIhwVUuzh8jWqmUm1iiIQ root@ubuntu-bionic
[    9.916246] cloud-init[860]: The key's randomart image is:
[    9.916723] cloud-init[860]: +--[ED25519 256]--+
[    9.919258] cloud-init[860]: |o++OB*==+        |
[    9.928290] cloud-init[860]: |..=+B+o+o.       |
[    9.928583] cloud-init[860]: |.oo=o. .o        |
[    9.928819] cloud-init[860]: |E.o.+    +       |
[    9.929021] cloud-init[860]: |o= = .  S .      |
[    9.929241] cloud-init[860]: |o B o    .       |
[    9.929427] cloud-init[860]: | * o             |
[    9.940447] cloud-init[860]: |=                |
[    9.941880] cloud-init[860]: |o                |
[    9.942423] cloud-init[860]: +----[SHA256]-----+
         Starting Login Service...
         Starting LSB: Record successful boot for GRUB...
         Starting Snap Daemon...
[[0;32m  OK  [0m] Reached target Login Prompts (Pre).
         Starting Virtualbox guest utils...
         Starting LXD - container startup/shutdown...
         Starting Accounts Service...
[[0;32m  OK  [0m] Started System Logging Service.
[[0;32m  OK  [0m] Started Permit User Sessions.
[[0;32m  OK  [0m] Started Login Service.
[[0;32m  OK  [0m] Started Unattended Upgrades Shutdown.
         Starting Hold until boot process finishes up...
         Starting Terminate Plymouth Boot Screen...
[[0;32m  OK  [0m] Started Hold until boot process finishes up.
         Starting Set console scheme...
[[0;32m  OK  [0m] Started Serial Getty on ttyS0.
[[0;32m  OK  [0m] Started Terminate Plymouth Boot Screen.
[[0;32m  OK  [0m] Started LXD - container startup/shutdown.
[[0;32m  OK  [0m] Started LSB: automatic crash report generation.
[[0;32m  OK  [0m] Started Set console scheme.
[[0;32m  OK  [0m] Created slice system-getty.slice.
[[0;32m  OK  [0m] Started Getty on tty1.
[[0;32m  OK  [0m] Reached target Login Prompts.
[[0;32m  OK  [0m] Started LSB: Record successful boot for GRUB.
         Starting Authorization Manager...
[[0;32m  OK  [0m] Started Authorization Manager.
[[0;32m  OK  [0m] Started Accounts Service.
[[0;32m  OK  [0m] Started Virtualbox guest utils.
[[0;32m  OK  [0m] Started Dispatcher daemon for systemd-networkd.
[[0;32m  OK  [0m] Started Snap Daemon.
         Starting Wait until snapd is fully seeded...
         Starting Time & Date Service...
[[0;32m  OK  [0m] Started Time & Date Service.
[[0;32m  OK  [0m] Started Pollinate to seed the pseudo random number generator.
         Starting OpenBSD Secure Shell server...
[[0;32m  OK  [0m] Started OpenBSD Secure Shell server.
[[0;32m  OK  [0m] Created slice User Slice of vagrant.
         Starting User Manager for UID 1000...
[[0;32m  OK  [0m] Started Session 1 of user vagrant.
[[0;32m  OK  [0m] Started User Manager for UID 1000.
[[0;32m  OK  [0m] Started Wait until snapd is fully seeded.
         Starting Apply the settings specified in cloud-config...
[   15.386804] cloud-init[1406]: Cloud-init v. 22.4.2-0ubuntu0~18.04.1 running 'modules:config' at Wed, 21 Dec 2022 21:30:27 +0000. Up 14.55 seconds.
ci-info: no authorized SSH keys fingerprints found for user ubuntu.
<14>Dec 21 21:30:29 cloud-init: #############################################################
<14>Dec 21 21:30:29 cloud-init: -----BEGIN SSH HOST KEY FINGERPRINTS-----
<14>Dec 21 21:30:29 cloud-init: 1024 SHA256:Fz1tC4viCjXNIa24hqUsuq3DCPrnYNzq9w0OepB511c root@ubuntu-bionic (DSA)
<14>Dec 21 21:30:29 cloud-init: 256 SHA256:wVPwPUy6JLqNfYhbwBLS4EdpVL5uCsS/LtrIMpq6PaQ root@ubuntu-bionic (ECDSA)
<14>Dec 21 21:30:29 cloud-init: 256 SHA256:kw1kCxBXIHoI9oUHNDFXG7KIhwVUuzh8jWqmUm1iiIQ root@ubuntu-bionic (ED25519)
<14>Dec 21 21:30:29 cloud-init: 2048 SHA256:NqWOBxWjNaxDq8r3Gipgylk/JaS3QA4xxf3LEW83KCY root@ubuntu-bionic (RSA)
<14>Dec 21 21:30:29 cloud-init: -----END SSH HOST KEY FINGERPRINTS-----
<14>Dec 21 21:30:29 cloud-init: #############################################################
-----BEGIN SSH HOST KEY KEYS-----
ecdsa-sha2-nistp256 AAAAE2VjZHNhLXNoYTItbmlzdHAyNTYAAAAIbmlzdHAyNTYAAABBBDIAE5NvRubbG+s/XqQvzopRLcVvWQE7hW/vdC1wm5Bw2zRl/12mybd3XzOMqsKXY9omP0NF7IZ+APppXKhtZow= root@ubuntu-bionic
ssh-ed25519 AAAAC3NzaC1lZDI1NTE5AAAAIKhqmw4eVRpcPNrgW4aIaVFgmLATCbgs50iCfDf5JwYm root@ubuntu-bionic
ssh-rsa AAAAB3NzaC1yc2EAAAADAQABAAABAQDCNpUDME6u5doJlVSyAXfGR+Zxpd0m8I4cNX3Do/Rud82QDcB4iSMAQmsbh87TQG25IB3ceW2vMnBqaExsxFP+NTRqQfJFboEeM8YXqWdMN+GsJvUoH2Cu9YNRkQtMzPDxPZsIrnEql5C4cZy/xm5pPukbClSTzoya0baqIBcMUTSvR9TS48otQ3FX2E8B4ciV6WMqp5fLzbWQm/YoMagMnMPD84hwQ43JlDOBU10BG4nJ/ixzXP8nOaoVb9H+s8R7ZxYskrUz+HOFrFFv/hL+psDRJO1hGbbP6aALMwHKotcRn3P4ogpwnwiC8j+VdGZsz10OnIlzc0lWtWuoaG4L root@ubuntu-bionic
-----END SSH HOST KEY KEYS-----
[   16.079119] cloud-init[1528]: Cloud-init v. 22.4.2-0ubuntu0~18.04.1 running 'modules:final' at Wed, 21 Dec 2022 21:30:28 +0000. Up 15.91 seconds.
[   16.079610] cloud-init[1528]: Cloud-init v. 22.4.2-0ubuntu0~18.04.1 finished at Wed, 21 Dec 2022 21:30:29 +0000. Datasource DataSourceNoCloud [seed=/dev/sdb][dsmode=net].  Up 16.07 seconds

Ubuntu 18.04.6 LTS ubuntu-bionic ttyS0

ubuntu-bionic login: 